0 info it worked if it ends with ok
1 verbose cli [ 'C:\\Program Files\\nodejs\\\\node.exe',
1 verbose cli   'C:\\Program Files\\nodejs\\node_modules\\npm\\bin\\npm-cli.js',
1 verbose cli   'install' ]
2 info using npm@1.4.28
3 info using node@v0.10.35
4 verbose node symlink C:\Program Files\nodejs\\node.exe
5 verbose readDependencies using package.json deps
6 verbose install where, deps [ 'C:\\Users\\Ohjelmistokehitys\\opinnot\\Nodejs\\AddressBookExpress',
6 verbose install   [ 'express',
6 verbose install     'body-parser',
6 verbose install     'cookie-parser',
6 verbose install     'morgan',
6 verbose install     'serve-favicon',
6 verbose install     'debug',
6 verbose install     'jade',
6 verbose install     'stylus',
6 verbose install     'mongoose',
6 verbose install     'mongodb' ] ]
7 info preinstall AddressBookExpress@0.0.0
8 verbose readDependencies using package.json deps
9 verbose cache add [ 'express@~4.10.6', null ]
10 verbose cache add name=undefined spec="express@~4.10.6" args=["express@~4.10.6",null]
11 verbose parsed url { protocol: null,
11 verbose parsed url   slashes: null,
11 verbose parsed url   auth: null,
11 verbose parsed url   host: null,
11 verbose parsed url   port: null,
11 verbose parsed url   hostname: null,
11 verbose parsed url   hash: null,
11 verbose parsed url   search: null,
11 verbose parsed url   query: null,
11 verbose parsed url   pathname: 'express@~4.10.6',
11 verbose parsed url   path: 'express@~4.10.6',
11 verbose parsed url   href: 'express@~4.10.6' }
12 verbose cache add [ 'body-parser@~1.10.1', null ]
13 verbose cache add name=undefined spec="body-parser@~1.10.1" args=["body-parser@~1.10.1",null]
14 verbose parsed url { protocol: null,
14 verbose parsed url   slashes: null,
14 verbose parsed url   auth: null,
14 verbose parsed url   host: null,
14 verbose parsed url   port: null,
14 verbose parsed url   hostname: null,
14 verbose parsed url   hash: null,
14 verbose parsed url   search: null,
14 verbose parsed url   query: null,
14 verbose parsed url   pathname: 'body-parser@~1.10.1',
14 verbose parsed url   path: 'body-parser@~1.10.1',
14 verbose parsed url   href: 'body-parser@~1.10.1' }
15 verbose cache add [ 'cookie-parser@~1.3.3', null ]
16 verbose cache add name=undefined spec="cookie-parser@~1.3.3" args=["cookie-parser@~1.3.3",null]
17 verbose parsed url { protocol: null,
17 verbose parsed url   slashes: null,
17 verbose parsed url   auth: null,
17 verbose parsed url   host: null,
17 verbose parsed url   port: null,
17 verbose parsed url   hostname: null,
17 verbose parsed url   hash: null,
17 verbose parsed url   search: null,
17 verbose parsed url   query: null,
17 verbose parsed url   pathname: 'cookie-parser@~1.3.3',
17 verbose parsed url   path: 'cookie-parser@~1.3.3',
17 verbose parsed url   href: 'cookie-parser@~1.3.3' }
18 verbose cache add [ 'morgan@~1.5.1', null ]
19 verbose cache add name=undefined spec="morgan@~1.5.1" args=["morgan@~1.5.1",null]
20 verbose parsed url { protocol: null,
20 verbose parsed url   slashes: null,
20 verbose parsed url   auth: null,
20 verbose parsed url   host: null,
20 verbose parsed url   port: null,
20 verbose parsed url   hostname: null,
20 verbose parsed url   hash: null,
20 verbose parsed url   search: null,
20 verbose parsed url   query: null,
20 verbose parsed url   pathname: 'morgan@~1.5.1',
20 verbose parsed url   path: 'morgan@~1.5.1',
20 verbose parsed url   href: 'morgan@~1.5.1' }
21 verbose cache add [ 'serve-favicon@~2.2.0', null ]
22 verbose cache add name=undefined spec="serve-favicon@~2.2.0" args=["serve-favicon@~2.2.0",null]
23 verbose parsed url { protocol: null,
23 verbose parsed url   slashes: null,
23 verbose parsed url   auth: null,
23 verbose parsed url   host: null,
23 verbose parsed url   port: null,
23 verbose parsed url   hostname: null,
23 verbose parsed url   hash: null,
23 verbose parsed url   search: null,
23 verbose parsed url   query: null,
23 verbose parsed url   pathname: 'serve-favicon@~2.2.0',
23 verbose parsed url   path: 'serve-favicon@~2.2.0',
23 verbose parsed url   href: 'serve-favicon@~2.2.0' }
24 verbose cache add [ 'debug@~2.1.1', null ]
25 verbose cache add name=undefined spec="debug@~2.1.1" args=["debug@~2.1.1",null]
26 verbose parsed url { protocol: null,
26 verbose parsed url   slashes: null,
26 verbose parsed url   auth: null,
26 verbose parsed url   host: null,
26 verbose parsed url   port: null,
26 verbose parsed url   hostname: null,
26 verbose parsed url   hash: null,
26 verbose parsed url   search: null,
26 verbose parsed url   query: null,
26 verbose parsed url   pathname: 'debug@~2.1.1',
26 verbose parsed url   path: 'debug@~2.1.1',
26 verbose parsed url   href: 'debug@~2.1.1' }
27 verbose cache add [ 'jade@~1.8.2', null ]
28 verbose cache add name=undefined spec="jade@~1.8.2" args=["jade@~1.8.2",null]
29 verbose parsed url { protocol: null,
29 verbose parsed url   slashes: null,
29 verbose parsed url   auth: null,
29 verbose parsed url   host: null,
29 verbose parsed url   port: null,
29 verbose parsed url   hostname: null,
29 verbose parsed url   hash: null,
29 verbose parsed url   search: null,
29 verbose parsed url   query: null,
29 verbose parsed url   pathname: 'jade@~1.8.2',
29 verbose parsed url   path: 'jade@~1.8.2',
29 verbose parsed url   href: 'jade@~1.8.2' }
30 verbose cache add [ 'stylus@0.42.3', null ]
31 verbose cache add name=undefined spec="stylus@0.42.3" args=["stylus@0.42.3",null]
32 verbose parsed url { protocol: null,
32 verbose parsed url   slashes: null,
32 verbose parsed url   auth: null,
32 verbose parsed url   host: null,
32 verbose parsed url   port: null,
32 verbose parsed url   hostname: null,
32 verbose parsed url   hash: null,
32 verbose parsed url   search: null,
32 verbose parsed url   query: null,
32 verbose parsed url   pathname: 'stylus@0.42.3',
32 verbose parsed url   path: 'stylus@0.42.3',
32 verbose parsed url   href: 'stylus@0.42.3' }
33 verbose cache add [ 'mongoose@^3.8.21', null ]
34 verbose cache add name=undefined spec="mongoose@^3.8.21" args=["mongoose@^3.8.21",null]
35 verbose parsed url { protocol: null,
35 verbose parsed url   slashes: null,
35 verbose parsed url   auth: null,
35 verbose parsed url   host: null,
35 verbose parsed url   port: null,
35 verbose parsed url   hostname: null,
35 verbose parsed url   hash: null,
35 verbose parsed url   search: null,
35 verbose parsed url   query: null,
35 verbose parsed url   pathname: 'mongoose@^3.8.21',
35 verbose parsed url   path: 'mongoose@^3.8.21',
35 verbose parsed url   href: 'mongoose@^3.8.21' }
36 verbose cache add [ 'mongodb@^2.6', null ]
37 verbose cache add name=undefined spec="mongodb@^2.6" args=["mongodb@^2.6",null]
38 verbose parsed url { protocol: null,
38 verbose parsed url   slashes: null,
38 verbose parsed url   auth: null,
38 verbose parsed url   host: null,
38 verbose parsed url   port: null,
38 verbose parsed url   hostname: null,
38 verbose parsed url   hash: null,
38 verbose parsed url   search: null,
38 verbose parsed url   query: null,
38 verbose parsed url   pathname: 'mongodb@^2.6',
38 verbose parsed url   path: 'mongodb@^2.6',
38 verbose parsed url   href: 'mongodb@^2.6' }
39 verbose cache add name="express" spec="~4.10.6" args=["express","~4.10.6"]
40 verbose parsed url { protocol: null,
40 verbose parsed url   slashes: null,
40 verbose parsed url   auth: null,
40 verbose parsed url   host: null,
40 verbose parsed url   port: null,
40 verbose parsed url   hostname: null,
40 verbose parsed url   hash: null,
40 verbose parsed url   search: null,
40 verbose parsed url   query: null,
40 verbose parsed url   pathname: '~4.10.6',
40 verbose parsed url   path: '~4.10.6',
40 verbose parsed url   href: '~4.10.6' }
41 verbose addNamed [ 'express', '~4.10.6' ]
42 verbose addNamed [ null, '>=4.10.6-0 <4.11.0-0' ]
43 verbose cache add name="body-parser" spec="~1.10.1" args=["body-parser","~1.10.1"]
44 verbose parsed url { protocol: null,
44 verbose parsed url   slashes: null,
44 verbose parsed url   auth: null,
44 verbose parsed url   host: null,
44 verbose parsed url   port: null,
44 verbose parsed url   hostname: null,
44 verbose parsed url   hash: null,
44 verbose parsed url   search: null,
44 verbose parsed url   query: null,
44 verbose parsed url   pathname: '~1.10.1',
44 verbose parsed url   path: '~1.10.1',
44 verbose parsed url   href: '~1.10.1' }
45 verbose addNamed [ 'body-parser', '~1.10.1' ]
46 verbose addNamed [ null, '>=1.10.1-0 <1.11.0-0' ]
47 verbose cache add name="cookie-parser" spec="~1.3.3" args=["cookie-parser","~1.3.3"]
48 verbose parsed url { protocol: null,
48 verbose parsed url   slashes: null,
48 verbose parsed url   auth: null,
48 verbose parsed url   host: null,
48 verbose parsed url   port: null,
48 verbose parsed url   hostname: null,
48 verbose parsed url   hash: null,
48 verbose parsed url   search: null,
48 verbose parsed url   query: null,
48 verbose parsed url   pathname: '~1.3.3',
48 verbose parsed url   path: '~1.3.3',
48 verbose parsed url   href: '~1.3.3' }
49 verbose addNamed [ 'cookie-parser', '~1.3.3' ]
50 verbose addNamed [ null, '>=1.3.3-0 <1.4.0-0' ]
51 verbose cache add name="morgan" spec="~1.5.1" args=["morgan","~1.5.1"]
52 verbose parsed url { protocol: null,
52 verbose parsed url   slashes: null,
52 verbose parsed url   auth: null,
52 verbose parsed url   host: null,
52 verbose parsed url   port: null,
52 verbose parsed url   hostname: null,
52 verbose parsed url   hash: null,
52 verbose parsed url   search: null,
52 verbose parsed url   query: null,
52 verbose parsed url   pathname: '~1.5.1',
52 verbose parsed url   path: '~1.5.1',
52 verbose parsed url   href: '~1.5.1' }
53 verbose addNamed [ 'morgan', '~1.5.1' ]
54 verbose addNamed [ null, '>=1.5.1-0 <1.6.0-0' ]
55 verbose cache add name="serve-favicon" spec="~2.2.0" args=["serve-favicon","~2.2.0"]
56 verbose parsed url { protocol: null,
56 verbose parsed url   slashes: null,
56 verbose parsed url   auth: null,
56 verbose parsed url   host: null,
56 verbose parsed url   port: null,
56 verbose parsed url   hostname: null,
56 verbose parsed url   hash: null,
56 verbose parsed url   search: null,
56 verbose parsed url   query: null,
56 verbose parsed url   pathname: '~2.2.0',
56 verbose parsed url   path: '~2.2.0',
56 verbose parsed url   href: '~2.2.0' }
57 verbose addNamed [ 'serve-favicon', '~2.2.0' ]
58 verbose addNamed [ null, '>=2.2.0-0 <2.3.0-0' ]
59 verbose cache add name="debug" spec="~2.1.1" args=["debug","~2.1.1"]
60 verbose parsed url { protocol: null,
60 verbose parsed url   slashes: null,
60 verbose parsed url   auth: null,
60 verbose parsed url   host: null,
60 verbose parsed url   port: null,
60 verbose parsed url   hostname: null,
60 verbose parsed url   hash: null,
60 verbose parsed url   search: null,
60 verbose parsed url   query: null,
60 verbose parsed url   pathname: '~2.1.1',
60 verbose parsed url   path: '~2.1.1',
60 verbose parsed url   href: '~2.1.1' }
61 verbose addNamed [ 'debug', '~2.1.1' ]
62 verbose addNamed [ null, '>=2.1.1-0 <2.2.0-0' ]
63 verbose cache add name="jade" spec="~1.8.2" args=["jade","~1.8.2"]
64 verbose parsed url { protocol: null,
64 verbose parsed url   slashes: null,
64 verbose parsed url   auth: null,
64 verbose parsed url   host: null,
64 verbose parsed url   port: null,
64 verbose parsed url   hostname: null,
64 verbose parsed url   hash: null,
64 verbose parsed url   search: null,
64 verbose parsed url   query: null,
64 verbose parsed url   pathname: '~1.8.2',
64 verbose parsed url   path: '~1.8.2',
64 verbose parsed url   href: '~1.8.2' }
65 verbose addNamed [ 'jade', '~1.8.2' ]
66 verbose addNamed [ null, '>=1.8.2-0 <1.9.0-0' ]
67 verbose cache add name="stylus" spec="0.42.3" args=["stylus","0.42.3"]
68 verbose parsed url { protocol: null,
68 verbose parsed url   slashes: null,
68 verbose parsed url   auth: null,
68 verbose parsed url   host: null,
68 verbose parsed url   port: null,
68 verbose parsed url   hostname: null,
68 verbose parsed url   hash: null,
68 verbose parsed url   search: null,
68 verbose parsed url   query: null,
68 verbose parsed url   pathname: '0.42.3',
68 verbose parsed url   path: '0.42.3',
68 verbose parsed url   href: '0.42.3' }
69 verbose addNamed [ 'stylus', '0.42.3' ]
70 verbose addNamed [ '0.42.3', '0.42.3' ]
71 verbose cache add name="mongoose" spec="^3.8.21" args=["mongoose","^3.8.21"]
72 verbose parsed url { protocol: null,
72 verbose parsed url   slashes: null,
72 verbose parsed url   auth: null,
72 verbose parsed url   host: null,
72 verbose parsed url   port: null,
72 verbose parsed url   hostname: null,
72 verbose parsed url   hash: null,
72 verbose parsed url   search: null,
72 verbose parsed url   query: null,
72 verbose parsed url   pathname: '^3.8.21',
72 verbose parsed url   path: '^3.8.21',
72 verbose parsed url   href: '^3.8.21' }
73 verbose addNamed [ 'mongoose', '^3.8.21' ]
74 verbose addNamed [ null, '>=3.8.21-0 <4.0.0-0' ]
75 verbose cache add name="mongodb" spec="^2.6" args=["mongodb","^2.6"]
76 verbose parsed url { protocol: null,
76 verbose parsed url   slashes: null,
76 verbose parsed url   auth: null,
76 verbose parsed url   host: null,
76 verbose parsed url   port: null,
76 verbose parsed url   hostname: null,
76 verbose parsed url   hash: null,
76 verbose parsed url   search: null,
76 verbose parsed url   query: null,
76 verbose parsed url   pathname: '^2.6',
76 verbose parsed url   path: '^2.6',
76 verbose parsed url   href: '^2.6' }
77 verbose addNamed [ 'mongodb', '^2.6' ]
78 verbose addNamed [ null, '>=2.6.0-0 <3.0.0-0' ]
79 silly lockFile 2847eb2c-express-4-10-6 express@~4.10.6
80 verbose lock express@~4.10.6 C:\Users\Ohjelmistokehitys\AppData\Roaming\npm-cache\2847eb2c-express-4-10-6.lock
81 silly lockFile 8e4fa182-body-parser-1-10-1 body-parser@~1.10.1
82 verbose lock body-parser@~1.10.1 C:\Users\Ohjelmistokehitys\AppData\Roaming\npm-cache\8e4fa182-body-parser-1-10-1.lock
83 silly lockFile bf5babd8-cookie-parser-1-3-3 cookie-parser@~1.3.3
84 verbose lock cookie-parser@~1.3.3 C:\Users\Ohjelmistokehitys\AppData\Roaming\npm-cache\bf5babd8-cookie-parser-1-3-3.lock
85 silly lockFile 66ba047d-morgan-1-5-1 morgan@~1.5.1
86 verbose lock morgan@~1.5.1 C:\Users\Ohjelmistokehitys\AppData\Roaming\npm-cache\66ba047d-morgan-1-5-1.lock
87 silly lockFile 9df5bad7-serve-favicon-2-2-0 serve-favicon@~2.2.0
88 verbose lock serve-favicon@~2.2.0 C:\Users\Ohjelmistokehitys\AppData\Roaming\npm-cache\9df5bad7-serve-favicon-2-2-0.lock
89 silly lockFile 09d11068-debug-2-1-1 debug@~2.1.1
90 verbose lock debug@~2.1.1 C:\Users\Ohjelmistokehitys\AppData\Roaming\npm-cache\09d11068-debug-2-1-1.lock
91 silly lockFile 3c7a704c-jade-1-8-2 jade@~1.8.2
92 verbose lock jade@~1.8.2 C:\Users\Ohjelmistokehitys\AppData\Roaming\npm-cache\3c7a704c-jade-1-8-2.lock
93 silly lockFile fb5b2923-stylus-0-42-3 stylus@0.42.3
94 verbose lock stylus@0.42.3 C:\Users\Ohjelmistokehitys\AppData\Roaming\npm-cache\fb5b2923-stylus-0-42-3.lock
95 silly lockFile c3e83549-mongoose-3-8-21 mongoose@^3.8.21
96 verbose lock mongoose@^3.8.21 C:\Users\Ohjelmistokehitys\AppData\Roaming\npm-cache\c3e83549-mongoose-3-8-21.lock
97 silly lockFile 3b409721-mongodb-2-6 mongodb@^2.6
98 verbose lock mongodb@^2.6 C:\Users\Ohjelmistokehitys\AppData\Roaming\npm-cache\3b409721-mongodb-2-6.lock
99 silly addNameRange { name: 'express',
99 silly addNameRange   range: '>=4.10.6-0 <4.11.0-0',
99 silly addNameRange   hasData: false }
100 silly addNameRange { name: 'body-parser',
100 silly addNameRange   range: '>=1.10.1-0 <1.11.0-0',
100 silly addNameRange   hasData: false }
101 silly addNameRange { name: 'cookie-parser',
101 silly addNameRange   range: '>=1.3.3-0 <1.4.0-0',
101 silly addNameRange   hasData: false }
102 silly addNameRange { name: 'morgan', range: '>=1.5.1-0 <1.6.0-0', hasData: false }
103 silly addNameRange { name: 'debug', range: '>=2.1.1-0 <2.2.0-0', hasData: false }
104 silly addNameRange { name: 'jade', range: '>=1.8.2-0 <1.9.0-0', hasData: false }
105 silly addNameRange { name: 'mongoose',
105 silly addNameRange   range: '>=3.8.21-0 <4.0.0-0',
105 silly addNameRange   hasData: false }
106 silly addNameRange { name: 'mongodb', range: '>=2.6.0-0 <3.0.0-0', hasData: false }
107 silly addNameRange { name: 'serve-favicon',
107 silly addNameRange   range: '>=2.2.0-0 <2.3.0-0',
107 silly addNameRange   hasData: false }
108 verbose request where is /debug
109 verbose request registry https://registry.npmjs.org/
110 verbose request id 8d7a6ade9ff75c83
111 verbose url raw /debug
112 verbose url resolving [ 'https://registry.npmjs.org/', './debug' ]
113 verbose url resolved https://registry.npmjs.org/debug
114 verbose request where is https://registry.npmjs.org/debug
115 info trying registry request attempt 1 at 12:48:02
116 verbose etag "176ZGYXVDNVI8540T07G06RXT"
117 http GET https://registry.npmjs.org/debug
118 verbose request where is /mongoose
119 verbose request registry https://registry.npmjs.org/
120 verbose url raw /mongoose
121 verbose url resolving [ 'https://registry.npmjs.org/', './mongoose' ]
122 verbose url resolved https://registry.npmjs.org/mongoose
123 verbose request where is https://registry.npmjs.org/mongoose
124 info trying registry request attempt 1 at 12:48:02
125 verbose etag "5XK84DASU6MNLEKC9KWUBJJTE"
126 http GET https://registry.npmjs.org/mongoose
127 verbose request where is /mongodb
128 verbose request registry https://registry.npmjs.org/
129 verbose url raw /mongodb
130 verbose url resolving [ 'https://registry.npmjs.org/', './mongodb' ]
131 verbose url resolved https://registry.npmjs.org/mongodb
132 verbose request where is https://registry.npmjs.org/mongodb
133 info trying registry request attempt 1 at 12:48:02
134 verbose etag "89VYM6BUWBJN7R9E8I3AISFQW"
135 http GET https://registry.npmjs.org/mongodb
136 verbose request where is /cookie-parser
137 verbose request registry https://registry.npmjs.org/
138 verbose url raw /cookie-parser
139 verbose url resolving [ 'https://registry.npmjs.org/', './cookie-parser' ]
140 verbose url resolved https://registry.npmjs.org/cookie-parser
141 verbose request where is https://registry.npmjs.org/cookie-parser
142 info trying registry request attempt 1 at 12:48:02
143 verbose etag "DDKJHDWHHJC6DWGLE2O7KQ8MK"
144 http GET https://registry.npmjs.org/cookie-parser
145 verbose request where is /serve-favicon
146 verbose request registry https://registry.npmjs.org/
147 verbose url raw /serve-favicon
148 verbose url resolving [ 'https://registry.npmjs.org/', './serve-favicon' ]
149 verbose url resolved https://registry.npmjs.org/serve-favicon
150 verbose request where is https://registry.npmjs.org/serve-favicon
151 info trying registry request attempt 1 at 12:48:02
152 verbose etag "YDYZWHTSMHUH8DM7NIC4WKPK"
153 http GET https://registry.npmjs.org/serve-favicon
154 verbose request where is /morgan
155 verbose request registry https://registry.npmjs.org/
156 verbose url raw /morgan
157 verbose url resolving [ 'https://registry.npmjs.org/', './morgan' ]
158 verbose url resolved https://registry.npmjs.org/morgan
159 verbose request where is https://registry.npmjs.org/morgan
160 info trying registry request attempt 1 at 12:48:02
161 verbose etag "5GB169AIMOSXLXSBY1XBDUPBB"
162 http GET https://registry.npmjs.org/morgan
163 verbose request where is /body-parser
164 verbose request registry https://registry.npmjs.org/
165 verbose url raw /body-parser
166 verbose url resolving [ 'https://registry.npmjs.org/', './body-parser' ]
167 verbose url resolved https://registry.npmjs.org/body-parser
168 verbose request where is https://registry.npmjs.org/body-parser
169 info trying registry request attempt 1 at 12:48:02
170 verbose etag "3XVVJ4F7M1CVX70LRY3JY8F1L"
171 http GET https://registry.npmjs.org/body-parser
172 verbose request where is /jade
173 verbose request registry https://registry.npmjs.org/
174 verbose url raw /jade
175 verbose url resolving [ 'https://registry.npmjs.org/', './jade' ]
176 verbose url resolved https://registry.npmjs.org/jade
177 verbose request where is https://registry.npmjs.org/jade
178 info trying registry request attempt 1 at 12:48:02
179 verbose etag "AMBCK5CSG9IHQJ9FP4V0QTOSQ"
180 http GET https://registry.npmjs.org/jade
181 verbose request where is /stylus
182 verbose request registry https://registry.npmjs.org/
183 verbose url raw /stylus
184 verbose url resolving [ 'https://registry.npmjs.org/', './stylus' ]
185 verbose url resolved https://registry.npmjs.org/stylus
186 verbose request where is https://registry.npmjs.org/stylus
187 info trying registry request attempt 1 at 12:48:02
188 verbose etag "1CW5C730KGDXFUHZ627TWR2LR"
189 http GET https://registry.npmjs.org/stylus
190 verbose request where is /express
191 verbose request registry https://registry.npmjs.org/
192 verbose url raw /express
193 verbose url resolving [ 'https://registry.npmjs.org/', './express' ]
194 verbose url resolved https://registry.npmjs.org/express
195 verbose request where is https://registry.npmjs.org/express
196 info trying registry request attempt 1 at 12:48:02
197 verbose etag "EE5XO2F7LNWW4KUTNOP3RT7HC"
198 http GET https://registry.npmjs.org/express
199 http 304 https://registry.npmjs.org/debug
200 silly registry.get cb [ 304,
200 silly registry.get   { date: 'Wed, 14 Jan 2015 10:48:02 GMT',
200 silly registry.get     server: 'Apache',
200 silly registry.get     via: '1.1 varnish',
200 silly registry.get     'last-modified': 'Wed, 14 Jan 2015 10:38:36 GMT',
200 silly registry.get     'cache-control': 'max-age=60',
200 silly registry.get     etag: '"176ZGYXVDNVI8540T07G06RXT"',
200 silly registry.get     age: '10',
200 silly registry.get     'x-served-by': 'cache-ams4142-AMS',
200 silly registry.get     'x-cache': 'HIT',
200 silly registry.get     'x-cache-hits': '236',
200 silly registry.get     'x-timer': 'S1421232482.215355,VS0,VE0',
200 silly registry.get     vary: 'Accept',
200 silly registry.get     'content-length': '0',
200 silly registry.get     'keep-alive': 'timeout=10, max=50',
200 silly registry.get     connection: 'Keep-Alive' } ]
201 verbose etag https://registry.npmjs.org/debug from cache
202 http 304 https://registry.npmjs.org/mongodb
203 silly registry.get cb [ 304,
203 silly registry.get   { date: 'Wed, 14 Jan 2015 10:48:02 GMT',
203 silly registry.get     server: 'Apache',
203 silly registry.get     via: '1.1 varnish',
203 silly registry.get     'last-modified': 'Wed, 14 Jan 2015 10:48:02 GMT',
203 silly registry.get     'cache-control': 'max-age=60',
203 silly registry.get     etag: '"89VYM6BUWBJN7R9E8I3AISFQW"',
203 silly registry.get     age: '24',
203 silly registry.get     'x-served-by': 'cache-ams4133-AMS',
203 silly registry.get     'x-cache': 'HIT',
203 silly registry.get     'x-cache-hits': '1',
203 silly registry.get     'x-timer': 'S1421232482.218292,VS0,VE1',
203 silly registry.get     vary: 'Accept',
203 silly registry.get     'content-length': '0',
203 silly registry.get     'keep-alive': 'timeout=10, max=50',
203 silly registry.get     connection: 'Keep-Alive' } ]
204 verbose etag https://registry.npmjs.org/mongodb from cache
205 http 304 https://registry.npmjs.org/mongoose
206 silly registry.get cb [ 304,
206 silly registry.get   { date: 'Wed, 14 Jan 2015 10:48:02 GMT',
206 silly registry.get     server: 'Apache',
206 silly registry.get     via: '1.1 varnish',
206 silly registry.get     'last-modified': 'Wed, 14 Jan 2015 10:48:02 GMT',
206 silly registry.get     'cache-control': 'max-age=60',
206 silly registry.get     etag: '"5XK84DASU6MNLEKC9KWUBJJTE"',
206 silly registry.get     age: '5',
206 silly registry.get     'x-served-by': 'cache-ams4121-AMS',
206 silly registry.get     'x-cache': 'HIT',
206 silly registry.get     'x-cache-hits': '1',
206 silly registry.get     'x-timer': 'S1421232482.222443,VS0,VE1',
206 silly registry.get     vary: 'Accept',
206 silly registry.get     'content-length': '0',
206 silly registry.get     'keep-alive': 'timeout=10, max=50',
206 silly registry.get     connection: 'Keep-Alive' } ]
207 verbose etag https://registry.npmjs.org/mongoose from cache
208 http 200 https://registry.npmjs.org/serve-favicon
209 silly registry.get cb [ 200,
209 silly registry.get   { date: 'Wed, 14 Jan 2015 10:48:02 GMT',
209 silly registry.get     server: 'CouchDB/1.5.0 (Erlang OTP/R16B03)',
209 silly registry.get     etag: '"EIEC7IL0VFE32KZZQS4PAX10Q"',
209 silly registry.get     'content-type': 'application/json',
209 silly registry.get     'cache-control': 'max-age=60',
209 silly registry.get     'content-length': '20423',
209 silly registry.get     'accept-ranges': 'bytes',
209 silly registry.get     via: '1.1 varnish',
209 silly registry.get     age: '45',
209 silly registry.get     'x-served-by': 'cache-ams4146-AMS',
209 silly registry.get     'x-cache': 'HIT',
209 silly registry.get     'x-cache-hits': '1',
209 silly registry.get     'x-timer': 'S1421232482.220724,VS0,VE0',
209 silly registry.get     vary: 'Accept',
209 silly registry.get     'keep-alive': 'timeout=10, max=50',
209 silly registry.get     connection: 'Keep-Alive' } ]
210 http 200 https://registry.npmjs.org/cookie-parser
211 silly registry.get cb [ 200,
211 silly registry.get   { date: 'Wed, 14 Jan 2015 10:48:02 GMT',
211 silly registry.get     server: 'CouchDB/1.5.0 (Erlang OTP/R16B03)',
211 silly registry.get     etag: '"8RHCHHZDMD43ZCMD5UNJ8GNU3"',
211 silly registry.get     'content-type': 'application/json',
211 silly registry.get     'cache-control': 'max-age=60',
211 silly registry.get     'content-length': '14258',
211 silly registry.get     'accept-ranges': 'bytes',
211 silly registry.get     via: '1.1 varnish',
211 silly registry.get     age: '40',
211 silly registry.get     'x-served-by': 'cache-ams4123-AMS',
211 silly registry.get     'x-cache': 'HIT',
211 silly registry.get     'x-cache-hits': '1',
211 silly registry.get     'x-timer': 'S1421232482.241291,VS0,VE0',
211 silly registry.get     vary: 'Accept',
211 silly registry.get     'keep-alive': 'timeout=10, max=50',
211 silly registry.get     connection: 'Keep-Alive' } ]
212 silly addNameRange number 2 { name: 'debug', range: '>=2.1.1-0 <2.2.0-0', hasData: true }
213 silly addNameRange versions [ 'debug',
213 silly addNameRange   [ '0.0.1',
213 silly addNameRange     '0.1.0',
213 silly addNameRange     '0.2.0',
213 silly addNameRange     '0.3.0',
213 silly addNameRange     '0.4.0',
213 silly addNameRange     '0.4.1',
213 silly addNameRange     '0.5.0',
213 silly addNameRange     '0.6.0',
213 silly addNameRange     '0.7.0',
213 silly addNameRange     '0.7.1',
213 silly addNameRange     '0.7.2',
213 silly addNameRange     '0.7.3',
213 silly addNameRange     '0.7.4',
213 silly addNameRange     '0.8.0',
213 silly addNameRange     '0.8.1',
213 silly addNameRange     '1.0.0',
213 silly addNameRange     '1.0.1',
213 silly addNameRange     '1.0.2',
213 silly addNameRange     '1.0.3',
213 silly addNameRange     '1.0.4',
213 silly addNameRange     '2.0.0',
213 silly addNameRange     '2.1.0',
213 silly addNameRange     '2.1.1' ] ]
214 verbose addNamed [ 'debug', '2.1.1' ]
215 verbose addNamed [ '2.1.1', '2.1.1' ]
216 silly lockFile 656b33b7-debug-2-1-1 debug@2.1.1
217 verbose lock debug@2.1.1 C:\Users\Ohjelmistokehitys\AppData\Roaming\npm-cache\656b33b7-debug-2-1-1.lock
218 silly addNameRange number 2 { name: 'mongodb', range: '>=2.6.0-0 <3.0.0-0', hasData: true }
219 silly addNameRange versions [ 'mongodb',
219 silly addNameRange   [ '0.9.4',
219 silly addNameRange     '0.9.4-4',
219 silly addNameRange     '0.9.3',
219 silly addNameRange     '0.9.1',
219 silly addNameRange     '0.9.2',
219 silly addNameRange     '0.9.6-7',
219 silly addNameRange     '0.9.6-8',
219 silly addNameRange     '0.9.6-9',
219 silly addNameRange     '0.9.6-10',
219 silly addNameRange     '0.9.6-11',
219 silly addNameRange     '0.9.6-12',
219 silly addNameRange     '0.9.6-13',
219 silly addNameRange     '0.9.6-14',
219 silly addNameRange     '0.9.6-15',
219 silly addNameRange     '0.9.6-16',
219 silly addNameRange     '0.9.6-17',
219 silly addNameRange     '0.9.6-18',
219 silly addNameRange     '0.9.6-19',
219 silly addNameRange     '0.9.6-20',
219 silly addNameRange     '0.9.6-21',
219 silly addNameRange     '0.9.6-22',
219 silly addNameRange     '0.9.6-23',
219 silly addNameRange     '0.9.7',
219 silly addNameRange     '0.9.7-0',
219 silly addNameRange     '0.9.7-1',
219 silly addNameRange     '0.9.7-1.1',
219 silly addNameRange     '0.9.7-1.2',
219 silly addNameRange     '0.9.7-1.3',
219 silly addNameRange     '0.9.7-1.4',
219 silly addNameRange     '0.9.7-2',
219 silly addNameRange     '0.9.7-2-1',
219 silly addNameRange     '0.9.7-2-2',
219 silly addNameRange     '0.9.7-2-3',
219 silly addNameRange     '0.9.7-2-4',
219 silly addNameRange     '0.9.7-2-5',
219 silly addNameRange     '0.9.7-3',
219 silly addNameRange     '0.9.7-3-1',
219 silly addNameRange     '0.9.7-3-2',
219 silly addNameRange     '0.9.7-3-3',
219 silly addNameRange     '0.9.7-3-4',
219 silly addNameRange     '0.9.7-3-5',
219 silly addNameRange     '0.9.8',
219 silly addNameRange     '0.9.8-1',
219 silly addNameRange     '0.9.8-2',
219 silly addNameRange     '0.9.8-3',
219 silly addNameRange     '0.9.8-4',
219 silly addNameRange     '0.9.8-5',
219 silly addNameRange     '0.9.8-6',
219 silly addNameRange     '0.9.8-7',
219 silly addNameRange     '0.9.9',
219 silly addNameRange     '0.9.9-1',
219 silly addNameRange     '0.9.9-2',
219 silly addNameRange     '0.9.9-3',
219 silly addNameRange     '0.9.9-4',
219 silly addNameRange     '0.9.9-5',
219 silly addNameRange     '0.9.9-6',
219 silly addNameRange     '0.9.9-7',
219 silly addNameRange     '0.9.9-8',
219 silly addNameRange     '1.0.0',
219 silly addNameRange     '1.0.1',
219 silly addNameRange     '1.0.2',
219 silly addNameRange     '1.1.0-beta',
219 silly addNameRange     '1.1.0',
219 silly addNameRange     '1.1.1',
219 silly addNameRange     '1.1.2',
219 silly addNameRange     '1.1.3',
219 silly addNameRange     '1.1.4',
219 silly addNameRange     '1.1.5',
219 silly addNameRange     '1.1.6',
219 silly addNameRange     '1.1.7',
219 silly addNameRange     '1.1.8',
219 silly addNameRange     '1.1.9',
219 silly addNameRange     '1.1.10',
219 silly addNameRange     '1.1.11',
219 silly addNameRange     '1.2.0',
219 silly addNameRange     '1.2.1',
219 silly addNameRange     '1.2.2',
219 silly addNameRange     '1.2.3',
219 silly addNameRange     '1.2.4',
219 silly addNameRange     '1.2.5',
219 silly addNameRange     '1.2.6',
219 silly addNameRange     '1.2.7',
219 silly addNameRange     '1.2.8',
219 silly addNameRange     '1.2.9',
219 silly addNameRange     '1.2.10',
219 silly addNameRange     '1.2.11',
219 silly addNameRange     '1.2.12',
219 silly addNameRange     '1.2.13',
219 silly addNameRange     '1.2.14',
219 silly addNameRange     '1.3.0',
219 silly addNameRange     '1.3.1',
219 silly addNameRange     '1.3.2',
219 silly addNameRange     '1.3.3',
219 silly addNameRange     '1.3.4',
219 silly addNameRange     '1.3.5',
219 silly addNameRange     '1.3.6',
219 silly addNameRange     '1.3.7',
219 silly addNameRange     '1.3.8',
219 silly addNameRange     '1.3.9',
219 silly addNameRange     '1.3.10',
219 silly addNameRange     '1.3.11',
219 silly addNameRange     '1.3.12',
219 silly addNameRange     '1.3.14',
219 silly addNameRange     '1.3.15',
219 silly addNameRange     '1.3.17',
219 silly addNameRange     '1.3.18',
219 silly addNameRange     '1.3.19',
219 silly addNameRange     '1.4.0-rc2',
219 silly addNameRange     '1.3.20',
219 silly addNameRange     '1.4.0-rc3',
219 silly addNameRange     '1.3.21',
219 silly addNameRange     '1.3.22',
219 silly addNameRange     '1.3.23',
219 silly addNameRange     '1.4.0-rc4',
219 silly addNameRange     '1.4.0-rc5',
219 silly addNameRange     '1.4.0-rc6',
219 silly addNameRange     '1.4.0-rc7',
219 silly addNameRange     '1.4.0-rc8',
219 silly addNameRange     '1.4.0-rc9',
219 silly addNameRange     '1.4.0-rc10',
219 silly addNameRange     '1.4.0',
219 silly addNameRange     '1.4.1',
219 silly addNameRange     '1.4.2',
219 silly addNameRange     '1.4.3',
219 silly addNameRange     '1.4.4',
219 silly addNameRange     '1.4.5',
219 silly addNameRange     '1.4.6',
219 silly addNameRange     '1.4.7',
219 silly addNameRange     '1.4.8',
219 silly addNameRange     '1.4.9',
219 silly addNameRange     '1.4.10',
219 silly addNameRange     '2.0.0-alpha1',
219 silly addNameRange     '1.4.11',
219 silly addNameRange     '1.4.12',
219 silly addNameRange     '1.4.14',
219 silly addNameRange     '1.4.15',
219 silly addNameRange     '1.4.16',
219 silly addNameRange     '1.4.17',
219 silly addNameRange     '2.0.0-alpha2',
219 silly addNameRange     '1.4.18',
219 silly addNameRange     '2.0.0',
219 silly addNameRange     '2.0.1',
219 silly addNameRange     '2.0.2',
219 silly addNameRange     '1.4.19',
219 silly addNameRange     '2.0.3',
219 silly addNameRange     '2.0.4',
219 silly addNameRange     '2.0.5',
219 silly addNameRange     '2.0.6',
219 silly addNameRange     '1.4.20',
219 silly addNameRange     '1.4.22',
219 silly addNameRange     '2.0.7',
219 silly addNameRange     '2.0.8',
219 silly addNameRange     '2.0.9',
219 silly addNameRange     '1.4.23',
219 silly addNameRange     '2.0.10',
219 silly addNameRange     '1.4.24',
219 silly addNameRange     '2.0.11',
219 silly addNameRange     '1.4.25',
219 silly addNameRange     '2.0.12',
219 silly addNameRange     '1.4.26',
219 silly addNameRange     '1.4.27',
219 silly addNameRange     '1.4.28',
219 silly addNameRange     '2.0.13' ] ]
220 silly lockFile 3b409721-mongodb-2-6 mongodb@^2.6
221 silly lockFile 3b409721-mongodb-2-6 mongodb@^2.6
222 silly addNameRange number 2 { name: 'mongoose', range: '>=3.8.21-0 <4.0.0-0', hasData: true }
223 silly addNameRange versions [ 'mongoose',
223 silly addNameRange   [ '0.0.1',
223 silly addNameRange     '0.0.2',
223 silly addNameRange     '0.0.3',
223 silly addNameRange     '0.0.4',
223 silly addNameRange     '0.0.5',
223 silly addNameRange     '1.0.0',
223 silly addNameRange     '1.0.1',
223 silly addNameRange     '1.0.2',
223 silly addNameRange     '0.0.6',
223 silly addNameRange     '1.0.3',
223 silly addNameRange     '1.0.4',
223 silly addNameRange     '1.0.5',
223 silly addNameRange     '1.0.6',
223 silly addNameRange     '1.0.7',
223 silly addNameRange     '1.0.8',
223 silly addNameRange     '1.0.10',
223 silly addNameRange     '1.0.11',
223 silly addNameRange     '1.0.12',
223 silly addNameRange     '1.0.13',
223 silly addNameRange     '1.0.14',
223 silly addNameRange     '1.0.15',
223 silly addNameRange     '1.0.16',
223 silly addNameRange     '1.1.0',
223 silly addNameRange     '1.1.1',
223 silly addNameRange     '1.1.2',
223 silly addNameRange     '1.1.3',
223 silly addNameRange     '1.1.4',
223 silly addNameRange     '1.1.5',
223 silly addNameRange     '1.1.6',
223 silly addNameRange     '1.1.7',
223 silly addNameRange     '1.1.8',
223 silly addNameRange     '1.1.9',
223 silly addNameRange     '1.1.10',
223 silly addNameRange     '1.1.11',
223 silly addNameRange     '1.1.12',
223 silly addNameRange     '1.1.13',
223 silly addNameRange     '1.1.14',
223 silly addNameRange     '1.1.15',
223 silly addNameRange     '1.1.16',
223 silly addNameRange     '1.1.17',
223 silly addNameRange     '1.1.18',
223 silly addNameRange     '1.1.19',
223 silly addNameRange     '1.1.20',
223 silly addNameRange     '1.1.21',
223 silly addNameRange     '1.1.22',
223 silly addNameRange     '1.1.23',
223 silly addNameRange     '1.1.24',
223 silly addNameRange     '1.1.25',
223 silly addNameRange     '1.2.0',
223 silly addNameRange     '1.3.0',
223 silly addNameRange     '1.3.1',
223 silly addNameRange     '1.3.2',
223 silly addNameRange     '1.3.3',
223 silly addNameRange     '1.3.4',
223 silly addNameRange     '1.3.5',
223 silly addNameRange     '1.3.6',
223 silly addNameRange     '1.3.7',
223 silly addNameRange     '1.4.0',
223 silly addNameRange     '1.5.0',
223 silly addNameRange     '1.6.0',
223 silly addNameRange     '1.7.2',
223 silly addNameRange     '1.7.3',
223 silly addNameRange     '1.7.4',
223 silly addNameRange     '1.8.0',
223 silly addNameRange     '1.8.1',
223 silly addNameRange     '1.8.2',
223 silly addNameRange     '1.8.3',
223 silly addNameRange     '1.8.4',
223 silly addNameRange     '2.0.0',
223 silly addNameRange     '2.0.1',
223 silly addNameRange     '2.0.2',
223 silly addNameRange     '2.0.3',
223 silly addNameRange     '2.0.4',
223 silly addNameRange     '2.1.0',
223 silly addNameRange     '2.1.1',
223 silly addNameRange     '2.1.2',
223 silly addNameRange     '2.1.3',
223 silly addNameRange     '2.1.4',
223 silly addNameRange     '2.2.0',
223 silly addNameRange     '2.2.1',
223 silly addNameRange     '2.2.2',
223 silly addNameRange     '2.2.3',
223 silly addNameRange     '2.2.4',
223 silly addNameRange     '2.3.0',
223 silly addNameRange     '2.3.1',
223 silly addNameRange     '2.3.2',
223 silly addNameRange     '2.3.3',
223 silly addNameRange     '2.3.4',
223 silly addNameRange     '2.3.5',
223 silly addNameRange     '2.3.6',
223 silly addNameRange     '2.3.7',
223 silly addNameRange     '2.3.8',
223 silly addNameRange     '2.3.9',
223 silly addNameRange     '2.3.10',
223 silly addNameRange     '2.3.11',
223 silly addNameRange     '2.3.12',
223 silly addNameRange     '2.3.13',
223 silly addNameRange     '2.4.0',
223 silly addNameRange     '2.4.1',
223 silly addNameRange     '2.4.2',
223 silly addNameRange     '2.4.3',
223 silly addNameRange     '2.4.4',
223 silly addNameRange     '2.4.5',
223 silly addNameRange     '2.4.6',
223 silly addNameRange     '2.4.7',
223 silly addNameRange     '2.4.8',
223 silly addNameRange     '2.4.9',
223 silly addNameRange     '2.4.10',
223 silly addNameRange     '2.5.0',
223 silly addNameRange     '2.5.1',
223 silly addNameRange     '2.5.2',
223 silly addNameRange     '2.5.3',
223 silly addNameRange     '2.5.4',
223 silly addNameRange     '2.5.5',
223 silly addNameRange     '2.5.6',
223 silly addNameRange     '2.5.7',
223 silly addNameRange     '2.5.8',
223 silly addNameRange     '2.5.9',
223 silly addNameRange     '2.5.10',
223 silly addNameRange     '2.5.11',
223 silly addNameRange     '2.5.12',
223 silly addNameRange     '2.5.13',
223 silly addNameRange     '2.5.14',
223 silly addNameRange     '2.6.0',
223 silly addNameRange     '2.6.1',
223 silly addNameRange     '2.6.2',
223 silly addNameRange     '2.6.3',
223 silly addNameRange     '2.6.4',
223 silly addNameRange     '2.6.5',
223 silly addNameRange     '2.6.6',
223 silly addNameRange     '2.6.7',
223 silly addNameRange     '2.6.8',
223 silly addNameRange     '2.7.0',
223 silly addNameRange     '2.7.1',
223 silly addNameRange     '2.7.2',
223 silly addNameRange     '2.7.4',
223 silly addNameRange     '2.7.3',
223 silly addNameRange     '3.0.0',
223 silly addNameRange     '3.0.1',
223 silly addNameRange     '3.0.2',
223 silly addNameRange     '2.8.0',
223 silly addNameRange     '3.0.3',
223 silly addNameRange     '3.1.0',
223 silly addNameRange     '2.8.1',
223 silly addNameRange     '3.1.1',
223 silly addNameRange     '2.8.2',
223 silly addNameRange     '2.8.3',
223 silly addNameRange     '2.9.0',
223 silly addNameRange     '3.2.0',
223 silly addNameRange     '2.9.1',
223 silly addNameRange     '3.2.1',
223 silly addNameRange     '2.9.2',
223 silly addNameRange     '3.2.2',
223 silly addNameRange     '3.3.0',
223 silly addNameRange     '3.3.1',
223 silly addNameRange     '2.9.3',
223 silly addNameRange     '3.4.0',
223 silly addNameRange     '2.9.4',
223 silly addNameRange     '2.9.5',
223 silly addNameRange     '3.5.0',
223 silly addNameRange     '3.5.1',
223 silly addNameRange     '3.5.2',
223 silly addNameRange     '3.5.3',
223 silly addNameRange     '2.9.6',
223 silly addNameRange     '2.9.7',
223 silly addNameRange     '3.5.4',
223 silly addNameRange     '3.5.5',
223 silly addNameRange     '2.9.8',
223 silly addNameRange     '2.9.9',
223 silly addNameRange     '3.5.6',
223 silly addNameRange     '3.5.7',
223 silly addNameRange     '3.5.8',
223 silly addNameRange     '2.9.10',
223 silly addNameRange     '3.5.9',
223 silly addNameRange     '3.6.2',
223 silly addNameRange     '3.5.10',
223 silly addNameRange     '3.6.3',
223 silly addNameRange     '3.5.11',
223 silly addNameRange     '3.6.4',
223 silly addNameRange     '3.6.5',
223 silly addNameRange     '3.6.6',
223 silly addNameRange     '3.6.7',
223 silly addNameRange     '3.5.12',
223 silly addNameRange     '3.6.8',
223 silly addNameRange     '3.6.9',
223 silly addNameRange     '3.6.10',
223 silly addNameRange     '3.5.13',
223 silly addNameRange     '3.5.14',
223 silly addNameRange     '3.6.11',
223 silly addNameRange     '3.6.12',
223 silly addNameRange     '3.6.13',
223 silly addNameRange     '3.6.14',
223 silly addNameRange     '3.6.15',
223 silly addNameRange     '3.5.15',
223 silly addNameRange     '3.7.0',
223 silly addNameRange     '3.6.16',
223 silly addNameRange     '3.5.16',
223 silly addNameRange     '3.6.17',
223 silly addNameRange     '3.7.2',
223 silly addNameRange     '3.0.0-alpha1',
223 silly addNameRange     '3.0.0-alpha2',
223 silly addNameRange     '3.0.0-rc0',
223 silly addNameRange     '3.6.0-rc0',
223 silly addNameRange     '3.6.0-rc1',
223 silly addNameRange     '3.6.18',
223 silly addNameRange     '3.7.3',
223 silly addNameRange     '3.6.19',
223 silly addNameRange     '3.6.20',
223 silly addNameRange     '3.7.4',
223 silly addNameRange     '3.8.0',
223 silly addNameRange     '3.8.1',
223 silly addNameRange     '3.8.2',
223 silly addNameRange     '3.8.3',
223 silly addNameRange     '3.8.4',
223 silly addNameRange     '3.8.5',
223 silly addNameRange     '3.8.6',
223 silly addNameRange     '3.8.7',
223 silly addNameRange     '3.8.8',
223 silly addNameRange     '3.8.9',
223 silly addNameRange     '3.8.10',
223 silly addNameRange     '3.8.11',
223 silly addNameRange     '3.9.0',
223 silly addNameRange     '3.8.12',
223 silly addNameRange     '3.8.13',
223 silly addNameRange     '3.8.14',
223 silly addNameRange     '3.8.15',
223 silly addNameRange     '3.9.1',
223 silly addNameRange     '3.8.16',
223 silly addNameRange     '3.9.2',
223 silly addNameRange     '3.8.17',
223 silly addNameRange     '3.9.3',
223 silly addNameRange     '3.8.18',
223 silly addNameRange     '3.9.4',
223 silly addNameRange     '3.8.19',
223 silly addNameRange     '3.9.5',
223 silly addNameRange     '3.8.20',
223 silly addNameRange     '3.9.6',
223 silly addNameRange     '3.8.21',
223 silly addNameRange     '3.9.7' ] ]
224 verbose addNamed [ 'mongoose', '3.8.21' ]
225 verbose addNamed [ '3.8.21', '3.8.21' ]
226 silly lockFile e1560adf-mongoose-3-8-21 mongoose@3.8.21
227 verbose lock mongoose@3.8.21 C:\Users\Ohjelmistokehitys\AppData\Roaming\npm-cache\e1560adf-mongoose-3-8-21.lock
228 silly addNameRange number 2 { name: 'serve-favicon',
228 silly addNameRange   range: '>=2.2.0-0 <2.3.0-0',
228 silly addNameRange   hasData: true }
229 silly addNameRange versions [ 'serve-favicon',
229 silly addNameRange   [ '2.0.0',
229 silly addNameRange     '2.0.1',
229 silly addNameRange     '2.1.0',
229 silly addNameRange     '2.1.1',
229 silly addNameRange     '2.1.2',
229 silly addNameRange     '2.1.3',
229 silly addNameRange     '2.1.4',
229 silly addNameRange     '2.1.5',
229 silly addNameRange     '2.1.6',
229 silly addNameRange     '2.1.7',
229 silly addNameRange     '2.2.0' ] ]
230 verbose addNamed [ 'serve-favicon', '2.2.0' ]
231 verbose addNamed [ '2.2.0', '2.2.0' ]
232 silly lockFile cef81d7c-serve-favicon-2-2-0 serve-favicon@2.2.0
233 verbose lock serve-favicon@2.2.0 C:\Users\Ohjelmistokehitys\AppData\Roaming\npm-cache\cef81d7c-serve-favicon-2-2-0.lock
234 silly addNameRange number 2 { name: 'cookie-parser',
234 silly addNameRange   range: '>=1.3.3-0 <1.4.0-0',
234 silly addNameRange   hasData: true }
235 silly addNameRange versions [ 'cookie-parser',
235 silly addNameRange   [ '1.0.0',
235 silly addNameRange     '1.0.1',
235 silly addNameRange     '1.1.0',
235 silly addNameRange     '1.2.0',
235 silly addNameRange     '1.3.0',
235 silly addNameRange     '1.3.1',
235 silly addNameRange     '1.3.2',
235 silly addNameRange     '1.3.3' ] ]
236 verbose addNamed [ 'cookie-parser', '1.3.3' ]
237 verbose addNamed [ '1.3.3', '1.3.3' ]
238 silly lockFile 68450bd4-cookie-parser-1-3-3 cookie-parser@1.3.3
239 verbose lock cookie-parser@1.3.3 C:\Users\Ohjelmistokehitys\AppData\Roaming\npm-cache\68450bd4-cookie-parser-1-3-3.lock
240 silly lockFile e1560adf-mongoose-3-8-21 mongoose@3.8.21
241 silly lockFile e1560adf-mongoose-3-8-21 mongoose@3.8.21
242 silly lockFile c3e83549-mongoose-3-8-21 mongoose@^3.8.21
243 silly lockFile c3e83549-mongoose-3-8-21 mongoose@^3.8.21
244 silly lockFile 656b33b7-debug-2-1-1 debug@2.1.1
245 silly lockFile 656b33b7-debug-2-1-1 debug@2.1.1
246 silly lockFile 09d11068-debug-2-1-1 debug@~2.1.1
247 silly lockFile 09d11068-debug-2-1-1 debug@~2.1.1
248 silly lockFile cef81d7c-serve-favicon-2-2-0 serve-favicon@2.2.0
249 silly lockFile cef81d7c-serve-favicon-2-2-0 serve-favicon@2.2.0
250 silly lockFile 9df5bad7-serve-favicon-2-2-0 serve-favicon@~2.2.0
251 silly lockFile 9df5bad7-serve-favicon-2-2-0 serve-favicon@~2.2.0
252 silly lockFile 68450bd4-cookie-parser-1-3-3 cookie-parser@1.3.3
253 silly lockFile 68450bd4-cookie-parser-1-3-3 cookie-parser@1.3.3
254 silly lockFile bf5babd8-cookie-parser-1-3-3 cookie-parser@~1.3.3
255 silly lockFile bf5babd8-cookie-parser-1-3-3 cookie-parser@~1.3.3
256 http 304 https://registry.npmjs.org/stylus
257 silly registry.get cb [ 304,
257 silly registry.get   { date: 'Wed, 14 Jan 2015 10:48:02 GMT',
257 silly registry.get     server: 'Apache',
257 silly registry.get     via: '1.1 varnish',
257 silly registry.get     'last-modified': 'Wed, 14 Jan 2015 10:48:02 GMT',
257 silly registry.get     'cache-control': 'max-age=60',
257 silly registry.get     etag: '"1CW5C730KGDXFUHZ627TWR2LR"',
257 silly registry.get     age: '39',
257 silly registry.get     'x-served-by': 'cache-ams4146-AMS',
257 silly registry.get     'x-cache': 'HIT',
257 silly registry.get     'x-cache-hits': '1',
257 silly registry.get     'x-timer': 'S1421232482.360859,VS0,VE1',
257 silly registry.get     vary: 'Accept',
257 silly registry.get     'content-length': '0',
257 silly registry.get     'keep-alive': 'timeout=10, max=49',
257 silly registry.get     connection: 'Keep-Alive' } ]
258 verbose etag https://registry.npmjs.org/stylus from cache
259 silly lockFile fb5b2923-stylus-0-42-3 stylus@0.42.3
260 silly lockFile fb5b2923-stylus-0-42-3 stylus@0.42.3
261 http 200 https://registry.npmjs.org/morgan
262 silly registry.get cb [ 200,
262 silly registry.get   { date: 'Wed, 14 Jan 2015 10:48:02 GMT',
262 silly registry.get     server: 'CouchDB/1.5.0 (Erlang OTP/R16B03)',
262 silly registry.get     etag: '"ADAF6VRN7MQ767QJ04T5H428T"',
262 silly registry.get     'content-type': 'application/json',
262 silly registry.get     'cache-control': 'max-age=60',
262 silly registry.get     'content-length': '33638',
262 silly registry.get     'accept-ranges': 'bytes',
262 silly registry.get     via: '1.1 varnish',
262 silly registry.get     age: '7',
262 silly registry.get     'x-served-by': 'cache-ams4142-AMS',
262 silly registry.get     'x-cache': 'HIT',
262 silly registry.get     'x-cache-hits': '1',
262 silly registry.get     'x-timer': 'S1421232482.283199,VS0,VE0',
262 silly registry.get     vary: 'Accept',
262 silly registry.get     'keep-alive': 'timeout=10, max=49',
262 silly registry.get     connection: 'Keep-Alive' } ]
263 silly addNameRange number 2 { name: 'morgan', range: '>=1.5.1-0 <1.6.0-0', hasData: true }
264 silly addNameRange versions [ 'morgan',
264 silly addNameRange   [ '1.0.0',
264 silly addNameRange     '1.0.1',
264 silly addNameRange     '1.1.0',
264 silly addNameRange     '1.1.1',
264 silly addNameRange     '1.2.0',
264 silly addNameRange     '1.2.1',
264 silly addNameRange     '1.2.2',
264 silly addNameRange     '1.2.3',
264 silly addNameRange     '1.3.0',
264 silly addNameRange     '1.3.1',
264 silly addNameRange     '1.3.2',
264 silly addNameRange     '1.4.0',
264 silly addNameRange     '1.4.1',
264 silly addNameRange     '1.5.0',
264 silly addNameRange     '1.5.1' ] ]
265 verbose addNamed [ 'morgan', '1.5.1' ]
266 verbose addNamed [ '1.5.1', '1.5.1' ]
267 silly lockFile 7ab299d0-morgan-1-5-1 morgan@1.5.1
268 verbose lock morgan@1.5.1 C:\Users\Ohjelmistokehitys\AppData\Roaming\npm-cache\7ab299d0-morgan-1-5-1.lock
269 silly lockFile 7ab299d0-morgan-1-5-1 morgan@1.5.1
270 silly lockFile 7ab299d0-morgan-1-5-1 morgan@1.5.1
271 silly lockFile 66ba047d-morgan-1-5-1 morgan@~1.5.1
272 silly lockFile 66ba047d-morgan-1-5-1 morgan@~1.5.1
273 http 200 https://registry.npmjs.org/body-parser
274 silly registry.get cb [ 200,
274 silly registry.get   { date: 'Wed, 14 Jan 2015 10:48:02 GMT',
274 silly registry.get     server: 'CouchDB/1.5.0 (Erlang OTP/R16B03)',
274 silly registry.get     etag: '"38OTRDFQWZ7DS6PTGQDS3W4LO"',
274 silly registry.get     'content-type': 'application/json',
274 silly registry.get     'cache-control': 'max-age=60',
274 silly registry.get     'content-length': '77877',
274 silly registry.get     'accept-ranges': 'bytes',
274 silly registry.get     via: '1.1 varnish',
274 silly registry.get     age: '7',
274 silly registry.get     'x-served-by': 'cache-ams4133-AMS',
274 silly registry.get     'x-cache': 'HIT',
274 silly registry.get     'x-cache-hits': '1',
274 silly registry.get     'x-timer': 'S1421232482.293184,VS0,VE8',
274 silly registry.get     vary: 'Accept',
274 silly registry.get     'keep-alive': 'timeout=10, max=49',
274 silly registry.get     connection: 'Keep-Alive' } ]
275 silly addNameRange number 2 { name: 'body-parser',
275 silly addNameRange   range: '>=1.10.1-0 <1.11.0-0',
275 silly addNameRange   hasData: true }
276 silly addNameRange versions [ 'body-parser',
276 silly addNameRange   [ '1.0.0',
276 silly addNameRange     '1.0.1',
276 silly addNameRange     '1.0.2',
276 silly addNameRange     '1.1.0',
276 silly addNameRange     '1.1.1',
276 silly addNameRange     '1.1.2',
276 silly addNameRange     '1.2.0',
276 silly addNameRange     '1.2.1',
276 silly addNameRange     '1.2.2',
276 silly addNameRange     '1.3.0',
276 silly addNameRange     '1.3.1',
276 silly addNameRange     '1.4.0',
276 silly addNameRange     '1.4.1',
276 silly addNameRange     '1.4.2',
276 silly addNameRange     '1.4.3',
276 silly addNameRange     '1.5.0',
276 silly addNameRange     '1.5.1',
276 silly addNameRange     '1.5.2',
276 silly addNameRange     '1.6.0',
276 silly addNameRange     '1.6.1',
276 silly addNameRange     '1.6.2',
276 silly addNameRange     '1.6.3',
276 silly addNameRange     '1.6.4',
276 silly addNameRange     '1.6.5',
276 silly addNameRange     '1.6.6',
276 silly addNameRange     '1.6.7',
276 silly addNameRange     '1.7.0',
276 silly addNameRange     '1.8.0',
276 silly addNameRange     '1.8.1',
276 silly addNameRange     '1.8.2',
276 silly addNameRange     '1.8.3',
276 silly addNameRange     '1.8.4',
276 silly addNameRange     '1.9.0',
276 silly addNameRange     '1.9.1',
276 silly addNameRange     '1.9.2',
276 silly addNameRange     '1.9.3',
276 silly addNameRange     '1.10.0',
276 silly addNameRange     '1.10.1' ] ]
277 verbose addNamed [ 'body-parser', '1.10.1' ]
278 verbose addNamed [ '1.10.1', '1.10.1' ]
279 silly lockFile 0f993b18-body-parser-1-10-1 body-parser@1.10.1
280 verbose lock body-parser@1.10.1 C:\Users\Ohjelmistokehitys\AppData\Roaming\npm-cache\0f993b18-body-parser-1-10-1.lock
281 silly lockFile 0f993b18-body-parser-1-10-1 body-parser@1.10.1
282 silly lockFile 0f993b18-body-parser-1-10-1 body-parser@1.10.1
283 silly lockFile 8e4fa182-body-parser-1-10-1 body-parser@~1.10.1
284 silly lockFile 8e4fa182-body-parser-1-10-1 body-parser@~1.10.1
285 http 200 https://registry.npmjs.org/jade
286 silly registry.get cb [ 200,
286 silly registry.get   { date: 'Wed, 14 Jan 2015 10:48:02 GMT',
286 silly registry.get     server: 'CouchDB/1.5.0 (Erlang OTP/R16B03)',
286 silly registry.get     etag: '"DKT06S9LN5NYM5EAFRMRU3HI6"',
286 silly registry.get     'content-type': 'application/json',
286 silly registry.get     'cache-control': 'max-age=60',
286 silly registry.get     'content-length': '136342',
286 silly registry.get     'accept-ranges': 'bytes',
286 silly registry.get     via: '1.1 varnish',
286 silly registry.get     age: '32',
286 silly registry.get     'x-served-by': 'cache-ams4121-AMS',
286 silly registry.get     'x-cache': 'HIT',
286 silly registry.get     'x-cache-hits': '2',
286 silly registry.get     'x-timer': 'S1421232482.297628,VS0,VE0',
286 silly registry.get     vary: 'Accept',
286 silly registry.get     'keep-alive': 'timeout=10, max=49',
286 silly registry.get     connection: 'Keep-Alive' } ]
287 silly addNameRange number 2 { name: 'jade', range: '>=1.8.2-0 <1.9.0-0', hasData: true }
288 silly addNameRange versions [ 'jade',
288 silly addNameRange   [ '0.0.1',
288 silly addNameRange     '0.0.2',
288 silly addNameRange     '0.1.0',
288 silly addNameRange     '0.2.0',
288 silly addNameRange     '0.2.1',
288 silly addNameRange     '0.2.2',
288 silly addNameRange     '0.2.3',
288 silly addNameRange     '0.2.4',
288 silly addNameRange     '0.3.0',
288 silly addNameRange     '0.4.0',
288 silly addNameRange     '0.4.1',
288 silly addNameRange     '0.5.0',
288 silly addNameRange     '0.5.1',
288 silly addNameRange     '0.5.2',
288 silly addNameRange     '0.5.3',
288 silly addNameRange     '0.5.4',
288 silly addNameRange     '0.5.5',
288 silly addNameRange     '0.5.6',
288 silly addNameRange     '0.5.7',
288 silly addNameRange     '0.6.0',
288 silly addNameRange     '0.6.1',
288 silly addNameRange     '0.6.3',
288 silly addNameRange     '0.7.0',
288 silly addNameRange     '0.7.1',
288 silly addNameRange     '0.8.0',
288 silly addNameRange     '0.8.1',
288 silly addNameRange     '0.8.2',
288 silly addNameRange     '0.8.3',
288 silly addNameRange     '0.8.4',
288 silly addNameRange     '0.8.5',
288 silly addNameRange     '0.8.6',
288 silly addNameRange     '0.8.7',
288 silly addNameRange     '0.8.8',
288 silly addNameRange     '0.8.9',
288 silly addNameRange     '0.9.0',
288 silly addNameRange     '0.9.1',
288 silly addNameRange     '0.9.2',
288 silly addNameRange     '0.9.3',
288 silly addNameRange     '0.10.0',
288 silly addNameRange     '0.10.1',
288 silly addNameRange     '0.10.2',
288 silly addNameRange     '0.10.3',
288 silly addNameRange     '0.10.4',
288 silly addNameRange     '0.10.5',
288 silly addNameRange     '0.10.6',
288 silly addNameRange     '0.10.7',
288 silly addNameRange     '0.11.0',
288 silly addNameRange     '0.11.1',
288 silly addNameRange     '0.12.0',
288 silly addNameRange     '0.12.1',
288 silly addNameRange     '0.12.2',
288 silly addNameRange     '0.12.3',
288 silly addNameRange     '0.12.4',
288 silly addNameRange     '0.13.0',
288 silly addNameRange     '0.14.0',
288 silly addNameRange     '0.14.1',
288 silly addNameRange     '0.14.2',
288 silly addNameRange     '0.15.0',
288 silly addNameRange     '0.15.1',
288 silly addNameRange     '0.15.2',
288 silly addNameRange     '0.15.3',
288 silly addNameRange     '0.15.4',
288 silly addNameRange     '0.16.0',
288 silly addNameRange     '0.16.1',
288 silly addNameRange     '0.16.2',
288 silly addNameRange     '0.16.3',
288 silly addNameRange     '0.16.4',
288 silly addNameRange     '0.17.0',
288 silly addNameRange     '0.18.0',
288 silly addNameRange     '0.19.0',
288 silly addNameRange     '0.20.0',
288 silly addNameRange     '0.20.1',
288 silly addNameRange     '0.20.2',
288 silly addNameRange     '0.20.3',
288 silly addNameRange     '0.21.0',
288 silly addNameRange     '0.22.0',
288 silly addNameRange     '0.22.1',
288 silly addNameRange     '0.23.0',
288 silly addNameRange     '0.24.0',
288 silly addNameRange     '0.25.0',
288 silly addNameRange     '0.26.0',
288 silly addNameRange     '0.26.1',
288 silly addNameRange     '0.26.2',
288 silly addNameRange     '0.26.3',
288 silly addNameRange     '0.27.0',
288 silly addNameRange     '0.27.1',
288 silly addNameRange     '0.27.2',
288 silly addNameRange     '0.27.3',
288 silly addNameRange     '0.27.4',
288 silly addNameRange     '0.27.5',
288 silly addNameRange     '0.27.6',
288 silly addNameRange     '0.27.7',
288 silly addNameRange     '0.28.0',
288 silly addNameRange     '0.28.1',
288 silly addNameRange     '0.28.2',
288 silly addNameRange     '0.29.0',
288 silly addNameRange     '0.30.0',
288 silly addNameRange     '0.31.0',
288 silly addNameRange     '0.31.1',
288 silly addNameRange     '0.31.2',
288 silly addNameRange     '0.32.0',
288 silly addNameRange     '0.33.0',
288 silly addNameRange     '0.34.0',
288 silly addNameRange     '0.34.1',
288 silly addNameRange     '0.35.0',
288 silly addNameRange     '1.0.0',
288 silly addNameRange     '1.0.1',
288 silly addNameRange     '1.0.2',
288 silly addNameRange     '1.1.0',
288 silly addNameRange     '1.1.1',
288 silly addNameRange     '1.1.2',
288 silly addNameRange     '1.1.3',
288 silly addNameRange     '1.1.4',
288 silly addNameRange     '1.1.5',
288 silly addNameRange     '1.2.0',
288 silly addNameRange     '1.3.0',
288 silly addNameRange     '1.3.1',
288 silly addNameRange     '1.4.0',
288 silly addNameRange     '1.4.1',
288 silly addNameRange     '1.4.2',
288 silly addNameRange     '1.5.0',
288 silly addNameRange     '1.6.0',
288 silly addNameRange     '1.7.0',
288 silly addNameRange     '1.8.0',
288 silly addNameRange     '1.8.1',
288 silly addNameRange     '1.8.2',
288 silly addNameRange     '1.9.0' ] ]
289 verbose addNamed [ 'jade', '1.8.2' ]
290 verbose addNamed [ '1.8.2', '1.8.2' ]
291 silly lockFile c5c4fb28-jade-1-8-2 jade@1.8.2
292 verbose lock jade@1.8.2 C:\Users\Ohjelmistokehitys\AppData\Roaming\npm-cache\c5c4fb28-jade-1-8-2.lock
293 silly lockFile c5c4fb28-jade-1-8-2 jade@1.8.2
294 silly lockFile c5c4fb28-jade-1-8-2 jade@1.8.2
295 silly lockFile 3c7a704c-jade-1-8-2 jade@~1.8.2
296 silly lockFile 3c7a704c-jade-1-8-2 jade@~1.8.2
297 http 200 https://registry.npmjs.org/express
298 silly registry.get cb [ 200,
298 silly registry.get   { date: 'Wed, 14 Jan 2015 10:48:02 GMT',
298 silly registry.get     server: 'CouchDB/1.5.0 (Erlang OTP/R16B03)',
298 silly registry.get     etag: '"17M2KBRHY53QY7H3XSLZHHZB3"',
298 silly registry.get     'content-type': 'application/json',
298 silly registry.get     'cache-control': 'max-age=60',
298 silly registry.get     'content-length': '457400',
298 silly registry.get     'accept-ranges': 'bytes',
298 silly registry.get     via: '1.1 varnish',
298 silly registry.get     age: '37',
298 silly registry.get     'x-served-by': 'cache-ams4123-AMS',
298 silly registry.get     'x-cache': 'HIT',
298 silly registry.get     'x-cache-hits': '2',
298 silly registry.get     'x-timer': 'S1421232482.364992,VS0,VE0',
298 silly registry.get     vary: 'Accept',
298 silly registry.get     'keep-alive': 'timeout=10, max=49',
298 silly registry.get     connection: 'Keep-Alive' } ]
299 silly addNameRange number 2 { name: 'express', range: '>=4.10.6-0 <4.11.0-0', hasData: true }
300 silly addNameRange versions [ 'express',
300 silly addNameRange   [ '0.14.0',
300 silly addNameRange     '0.14.1',
300 silly addNameRange     '1.0.0',
300 silly addNameRange     '1.0.1',
300 silly addNameRange     '1.0.2',
300 silly addNameRange     '1.0.3',
300 silly addNameRange     '1.0.4',
300 silly addNameRange     '1.0.5',
300 silly addNameRange     '1.0.6',
300 silly addNameRange     '1.0.7',
300 silly addNameRange     '1.0.8',
300 silly addNameRange     '2.0.0',
300 silly addNameRange     '2.1.0',
300 silly addNameRange     '2.1.1',
300 silly addNameRange     '2.2.0',
300 silly addNameRange     '2.2.1',
300 silly addNameRange     '2.2.2',
300 silly addNameRange     '2.3.0',
300 silly addNameRange     '2.3.1',
300 silly addNameRange     '2.3.2',
300 silly addNameRange     '2.3.3',
300 silly addNameRange     '2.3.4',
300 silly addNameRange     '2.3.5',
300 silly addNameRange     '2.3.6',
300 silly addNameRange     '2.3.7',
300 silly addNameRange     '2.3.8',
300 silly addNameRange     '2.3.9',
300 silly addNameRange     '2.3.10',
300 silly addNameRange     '2.3.11',
300 silly addNameRange     '2.3.12',
300 silly addNameRange     '2.4.0',
300 silly addNameRange     '2.4.1',
300 silly addNameRange     '2.4.2',
300 silly addNameRange     '2.4.3',
300 silly addNameRange     '2.4.4',
300 silly addNameRange     '2.4.5',
300 silly addNameRange     '2.4.6',
300 silly addNameRange     '2.4.7',
300 silly addNameRange     '2.5.0',
300 silly addNameRange     '2.5.1',
300 silly addNameRange     '2.5.2',
300 silly addNameRange     '2.5.3',
300 silly addNameRange     '2.5.4',
300 silly addNameRange     '2.5.5',
300 silly addNameRange     '2.5.6',
300 silly addNameRange     '2.5.7',
300 silly addNameRange     '2.5.8',
300 silly addNameRange     '2.5.9',
300 silly addNameRange     '2.5.10',
300 silly addNameRange     '2.5.11',
300 silly addNameRange     '3.0.0',
300 silly addNameRange     '3.0.1',
300 silly addNameRange     '3.0.2',
300 silly addNameRange     '3.0.3',
300 silly addNameRange     '3.0.4',
300 silly addNameRange     '3.0.5',
300 silly addNameRange     '3.0.6',
300 silly addNameRange     '3.1.0',
300 silly addNameRange     '3.1.1',
300 silly addNameRange     '3.1.2',
300 silly addNameRange     '3.2.0',
300 silly addNameRange     '3.2.1',
300 silly addNameRange     '3.2.2',
300 silly addNameRange     '3.2.3',
300 silly addNameRange     '3.2.4',
300 silly addNameRange     '3.2.5',
300 silly addNameRange     '3.2.6',
300 silly addNameRange     '3.3.0',
300 silly addNameRange     '3.3.1',
300 silly addNameRange     '3.3.2',
300 silly addNameRange     '3.3.3',
300 silly addNameRange     '3.3.4',
300 silly addNameRange     '3.3.5',
300 silly addNameRange     '3.3.6',
300 silly addNameRange     '1.0.0-beta',
300 silly addNameRange     '1.0.0-beta2',
300 silly addNameRange     '1.0.0-rc',
300 silly addNameRange     '1.0.0-rc2',
300 silly addNameRange     '1.0.0-rc3',
300 silly addNameRange     '1.0.0-rc4',
300 silly addNameRange     '2.0.0-beta',
300 silly addNameRange     '2.0.0-beta2',
300 silly addNameRange     '2.0.0-beta3',
300 silly addNameRange     '2.0.0-rc',
300 silly addNameRange     '2.0.0-rc2',
300 silly addNameRange     '2.0.0-rc3',
300 silly addNameRange     '3.0.0-alpha1',
300 silly addNameRange     '3.0.0-alpha2',
300 silly addNameRange     '3.0.0-alpha3',
300 silly addNameRange     '3.0.0-alpha4',
300 silly addNameRange     '3.0.0-alpha5',
300 silly addNameRange     '3.0.0-beta1',
300 silly addNameRange     '3.0.0-beta2',
300 silly addNameRange     '3.0.0-beta3',
300 silly addNameRange     '3.0.0-beta4',
300 silly addNameRange     '3.0.0-beta6',
300 silly addNameRange     '3.0.0-beta7',
300 silly addNameRange     '3.0.0-rc1',
300 silly addNameRange     '3.0.0-rc2',
300 silly addNameRange     '3.0.0-rc3',
300 silly addNameRange     '3.0.0-rc4',
300 silly addNameRange     '3.0.0-rc5',
300 silly addNameRange     '3.3.7',
300 silly addNameRange     '3.3.8',
300 silly addNameRange     '3.4.0',
300 silly addNameRange     '3.4.1',
300 silly addNameRange     '3.4.2',
300 silly addNameRange     '3.4.3',
300 silly addNameRange     '3.4.4',
300 silly addNameRange     '3.4.5',
300 silly addNameRange     '3.4.6',
300 silly addNameRange     '3.4.7',
300 silly addNameRange     '3.4.8',
300 silly addNameRange     '4.0.0-rc1',
300 silly addNameRange     '4.0.0-rc2',
300 silly addNameRange     '3.5.0',
300 silly addNameRange     '4.0.0-rc3',
300 silly addNameRange     '4.0.0-rc4',
300 silly addNameRange     '3.5.1',
300 silly addNameRange     '4.0.0',
300 silly addNameRange     '3.5.2',
300 silly addNameRange     '4.1.0',
300 silly addNameRange     '4.1.1',
300 silly addNameRange     '3.5.3',
300 silly addNameRange     '4.1.2',
300 silly addNameRange     '3.6.0',
300 silly addNameRange     '4.2.0',
300 silly addNameRange     '3.7.0',
300 silly addNameRange     '3.8.0',
300 silly addNameRange     '4.3.0',
300 silly addNameRange     '4.3.1',
300 silly addNameRange     '3.8.1',
300 silly addNameRange     '4.3.2',
300 silly addNameRange     '3.9.0',
300 silly addNameRange     '4.4.0',
300 silly addNameRange     '4.4.1',
300 silly addNameRange     '3.10.0',
300 silly addNameRange     '3.10.1',
300 silly addNameRange     '3.10.2',
300 silly addNameRange     '3.10.3',
300 silly addNameRange     '3.10.4',
300 silly addNameRange     '4.4.2',
300 silly addNameRange     '3.10.5',
300 silly addNameRange     '4.4.3',
300 silly addNameRange     '3.11.0',
300 silly addNameRange     '4.4.4',
300 silly addNameRange     '3.12.0',
300 silly addNameRange     '3.12.1',
300 silly addNameRange     '4.4.5',
300 silly addNameRange     '3.13.0',
300 silly addNameRange     '4.5.0',
300 silly addNameRange     '4.5.1',
300 silly addNameRange     '3.14.0',
300 silly addNameRange     '4.6.0',
300 silly addNameRange     '4.6.1',
300 silly addNameRange     '3.15.0',
300 silly addNameRange     '4.7.0',
300 silly addNameRange     '3.15.1',
300 silly addNameRange     '4.7.1',
300 silly addNameRange     '3.15.2',
300 silly addNameRange     '4.7.2',
300 silly addNameRange     '4.7.3',
300 silly addNameRange     '3.15.3',
300 silly addNameRange     '4.7.4',
300 silly addNameRange     '3.16.0',
300 silly addNameRange     '4.8.0',
300 silly addNameRange     '3.16.1',
300 silly addNameRange     '4.8.1',
300 silly addNameRange     '3.16.2',
300 silly addNameRange     '4.8.2',
300 silly addNameRange     '3.16.3',
300 silly addNameRange     '3.16.4',
300 silly addNameRange     '4.8.3',
300 silly addNameRange     '3.16.5',
300 silly addNameRange     '3.16.6',
300 silly addNameRange     '4.8.4',
300 silly addNameRange     '3.16.7',
300 silly addNameRange     '4.8.5',
300 silly addNameRange     '3.16.8',
300 silly addNameRange     '4.8.6',
300 silly addNameRange     '3.16.9',
300 silly addNameRange     '4.8.7',
300 silly addNameRange     '3.16.10',
300 silly addNameRange     '4.8.8',
300 silly addNameRange     '3.17.0',
300 silly addNameRange     '3.17.1',
300 silly addNameRange     '4.9.0',
300 silly addNameRange     '3.17.2',
300 silly addNameRange     '4.9.1',
300 silly addNameRange     '4.9.2',
300 silly addNameRange     '3.17.3',
300 silly addNameRange     '4.9.3',
300 silly addNameRange     '3.17.4',
300 silly addNameRange     '4.9.4',
300 silly addNameRange     '3.17.5',
300 silly addNameRange     '4.9.5',
300 silly addNameRange     '3.17.6',
300 silly addNameRange     '3.17.7',
300 silly addNameRange     '4.9.6',
300 silly addNameRange     '4.9.7',
300 silly addNameRange     '3.17.8',
300 silly addNameRange     '4.9.8',
300 silly addNameRange     '3.18.0',
300 silly addNameRange     '3.18.1',
300 silly addNameRange     '4.10.0',
300 silly addNameRange     '3.18.2',
300 silly addNameRange     '4.10.1',
300 silly addNameRange     '5.0.0-alpha.1',
300 silly addNameRange     '3.18.3',
300 silly addNameRange     '4.10.2',
300 silly addNameRange     '3.18.4',
300 silly addNameRange     '4.10.3',
300 silly addNameRange     '4.10.4',
300 silly addNameRange     '4.10.5',
300 silly addNameRange     '3.18.5',
300 silly addNameRange     '3.18.6',
300 silly addNameRange     '4.10.6',
300 silly addNameRange     '4.10.7',
300 silly addNameRange     '3.19.0',
300 silly addNameRange     '4.10.8',
300 silly addNameRange     '4.11.0' ] ]
301 verbose addNamed [ 'express', '4.10.8' ]
302 verbose addNamed [ '4.10.8', '4.10.8' ]
303 silly lockFile 44558bf5-express-4-10-8 express@4.10.8
304 verbose lock express@4.10.8 C:\Users\Ohjelmistokehitys\AppData\Roaming\npm-cache\44558bf5-express-4-10-8.lock
305 silly lockFile 95f2bc2f-s-org-express-express-4-10-8-tgz https://registry.npmjs.org/express/-/express-4.10.8.tgz
306 verbose lock https://registry.npmjs.org/express/-/express-4.10.8.tgz C:\Users\Ohjelmistokehitys\AppData\Roaming\npm-cache\95f2bc2f-s-org-express-express-4-10-8-tgz.lock
307 verbose addRemoteTarball [ 'https://registry.npmjs.org/express/-/express-4.10.8.tgz',
307 verbose addRemoteTarball   '2d83571e065c0efb2679c0a5f9ae66aeaa47024a' ]
308 info retry fetch attempt 1 at 12:48:03
309 verbose fetch to= C:\Users\OHJELM~1\AppData\Local\Temp\npm-6412-OfTOoOQT\registry.npmjs.org\express\-\express-4.10.8.tgz
310 http GET https://registry.npmjs.org/express/-/express-4.10.8.tgz
311 http 200 https://registry.npmjs.org/express/-/express-4.10.8.tgz
312 silly lockFile 95f2bc2f-s-org-express-express-4-10-8-tgz https://registry.npmjs.org/express/-/express-4.10.8.tgz
313 silly lockFile 95f2bc2f-s-org-express-express-4-10-8-tgz https://registry.npmjs.org/express/-/express-4.10.8.tgz
314 silly lockFile 44558bf5-express-4-10-8 express@4.10.8
315 silly lockFile 44558bf5-express-4-10-8 express@4.10.8
316 silly lockFile 2847eb2c-express-4-10-6 express@~4.10.6
317 silly lockFile 2847eb2c-express-4-10-6 express@~4.10.6
318 error notarget No compatible version found: mongodb@'>=2.6.0-0 <3.0.0-0'
318 error notarget Valid install targets:
318 error notarget ["0.9.4","0.9.4-4","0.9.3","0.9.1","0.9.2","0.9.6-7","0.9.6-8","0.9.6-9","0.9.6-10","0.9.6-11","0.9.6-12","0.9.6-13","0.9.6-14","0.9.6-15","0.9.6-16","0.9.6-17","0.9.6-18","0.9.6-19","0.9.6-20","0.9.6-21","0.9.6-22","0.9.6-23","0.9.7","0.9.7-0","0.9.7-1","0.9.7-1.1","0.9.7-1.2","0.9.7-1.3","0.9.7-1.4","0.9.7-2","0.9.7-2-1","0.9.7-2-2","0.9.7-2-3","0.9.7-2-4","0.9.7-2-5","0.9.7-3","0.9.7-3-1","0.9.7-3-2","0.9.7-3-3","0.9.7-3-4","0.9.7-3-5","0.9.8","0.9.8-1","0.9.8-2","0.9.8-3","0.9.8-4","0.9.8-5","0.9.8-6","0.9.8-7","0.9.9","0.9.9-1","0.9.9-2","0.9.9-3","0.9.9-4","0.9.9-5","0.9.9-6","0.9.9-7","0.9.9-8","1.0.0","1.0.1","1.0.2","1.1.0-beta","1.1.0","1.1.1","1.1.2","1.1.3","1.1.4","1.1.5","1.1.6","1.1.7","1.1.8","1.1.9","1.1.10","1.1.11","1.2.0","1.2.1","1.2.2","1.2.3","1.2.4","1.2.5","1.2.6","1.2.7","1.2.8","1.2.9","1.2.10","1.2.11","1.2.12","1.2.13","1.2.14","1.3.0","1.3.1","1.3.2","1.3.3","1.3.4","1.3.5","1.3.6","1.3.7","1.3.8","1.3.9","1.3.10","1.3.11","1.3.12","1.3.14","1.3.15","1.3.17","1.3.18","1.3.19","1.4.0-rc2","1.3.20","1.4.0-rc3","1.3.21","1.3.22","1.3.23","1.4.0-rc4","1.4.0-rc5","1.4.0-rc6","1.4.0-rc7","1.4.0-rc8","1.4.0-rc9","1.4.0-rc10","1.4.0","1.4.1","1.4.2","1.4.3","1.4.4","1.4.5","1.4.6","1.4.7","1.4.8","1.4.9","1.4.10","2.0.0-alpha1","1.4.11","1.4.12","1.4.14","1.4.15","1.4.16","1.4.17","2.0.0-alpha2","1.4.18","2.0.0","2.0.1","2.0.2","1.4.19","2.0.3","2.0.4","2.0.5","2.0.6","1.4.20","1.4.22","2.0.7","2.0.8","2.0.9","1.4.23","2.0.10","1.4.24","2.0.11","1.4.25","2.0.12","1.4.26","1.4.27","1.4.28","2.0.13"]
318 error notarget
318 error notarget This is most likely not a problem with npm itself.
318 error notarget In most cases you or one of your dependencies are requesting
318 error notarget a package version that doesn't exist.
319 error System Windows_NT 6.1.7601
320 error command "C:\\Program Files\\nodejs\\\\node.exe" "C:\\Program Files\\nodejs\\node_modules\\npm\\bin\\npm-cli.js" "install"
321 error cwd C:\Users\Ohjelmistokehitys\opinnot\Nodejs\AddressBookExpress
322 error node -v v0.10.35
323 error npm -v 1.4.28
324 error code ETARGET
325 verbose exit [ 1, true ]
